<?xml version="1.0" encoding="UTF-8"?>
<testsuite xmlns:xsi="http://www.w3.org/2001/XMLSchema-instance" xsi:noNamespaceSchemaLocation="https://maven.apache.org/surefire/maven-surefire-plugin/xsd/surefire-test-report-3.0.xsd" version="3.0" name="hellocucumber.RunCucumberTest" time="0.451" tests="4" errors="0" skipped="0" failures="0">
  <properties>
[...]
</properties>
  <testcase name="Happy path" classname="Login" time="0.172">
    <system-out><![CDATA[
Scenario: Happy path                         &amp#27;[90m# hellocucumber/Login.feature:4&amp#27;[0m
  &amp#27;[32mGiven &amp#27;[0m&amp#27;[32mCorrect user and password&amp#27;[0m            &amp#27;[90m# hellocucumber.StepsDefinition.all_data_correct()&amp#27;[0m
  &amp#27;[32mWhen &amp#27;[0m&amp#27;[32mI want to login with correct data&amp#27;[0m     &amp#27;[90m# hellocucumber.StepsDefinition.i_want_to_login_with_correct_data()&amp#27;[0m
  &amp#27;[32mThen &amp#27;[0m&amp#27;[32mI should be told &amp#27;[0m&amp#27;[32m&amp#27;[1m"Login successfully"&amp#27;[0m &amp#27;[90m# hellocucumber.StepsDefinition.i_should_be_told(java.lang.String)&amp#27;[0m
]]></system-out>
  </testcase>
  <testcase name="Expect to fail by password" classname="Login" time="0.018">
    <system-out><![CDATA[
Scenario: Expect to fail by password         &amp#27;[90m# hellocucumber/Login.feature:9&amp#27;[0m
  &amp#27;[32mGiven &amp#27;[0m&amp#27;[32mCorrect user and incorrect password&amp#27;[0m  &amp#27;[90m# hellocucumber.StepsDefinition.user_data_correct()&amp#27;[0m
  &amp#27;[32mWhen &amp#27;[0m&amp#27;[32mI want to login with correct user&amp#27;[0m     &amp#27;[90m# hellocucumber.StepsDefinition.i_want_to_login_with_correct_user()&amp#27;[0m
  &amp#27;[32mThen &amp#27;[0m&amp#27;[32mI should be told &amp#27;[0m&amp#27;[32m&amp#27;[1m"Incorrect password"&amp#27;[0m &amp#27;[90m# hellocucumber.StepsDefinition.i_should_be_told(java.lang.String)&amp#27;[0m
]]></system-out>
  </testcase>
  <testcase name="Expect to fail by user" classname="Login" time="0.022">
    <system-out><![CDATA[
Scenario: Expect to fail by user             &amp#27;[90m# hellocucumber/Login.feature:14&amp#27;[0m
  &amp#27;[32mGiven &amp#27;[0m&amp#27;[32mCorrect password and incorrect user&amp#27;[0m  &amp#27;[90m# hellocucumber.StepsDefinition.password_data_correct()&amp#27;[0m
  &amp#27;[32mWhen &amp#27;[0m&amp#27;[32mI want to login with correct password&amp#27;[0m &amp#27;[90m# hellocucumber.StepsDefinition.i_want_to_login_with_correct_password()&amp#27;[0m
  &amp#27;[32mThen &amp#27;[0m&amp#27;[32mI should be told &amp#27;[0m&amp#27;[32m&amp#27;[1m"Incorrect user"&amp#27;[0m     &amp#27;[90m# hellocucumber.StepsDefinition.i_should_be_told(java.lang.String)&amp#27;[0m
]]></system-out>
  </testcase>
  <testcase name="Expect to fail by user and password" classname="Login" time="0.016">
    <system-out><![CDATA[
Scenario: Expect to fail by user and password         &amp#27;[90m# hellocucumber/Login.feature:19&amp#27;[0m
  &amp#27;[32mGiven &amp#27;[0m&amp#27;[32mIncorrect user and password&amp#27;[0m                   &amp#27;[90m# hellocucumber.StepsDefinition.all_data_incorrect()&amp#27;[0m
  &amp#27;[32mWhen &amp#27;[0m&amp#27;[32mI want to login with incorrect data&amp#27;[0m            &amp#27;[90m# hellocucumber.StepsDefinition.i_want_to_login_with_incorrect_data()&amp#27;[0m
  &amp#27;[32mThen &amp#27;[0m&amp#27;[32mI should be told &amp#27;[0m&amp#27;[32m&amp#27;[1m"Incorrect user and password"&amp#27;[0m &amp#27;[90m# hellocucumber.StepsDefinition.i_should_be_told(java.lang.String)&amp#27;[0m
]]></system-out>
  </testcase>
</testsuite>